[debug] [2021-06-10T12:16:25.856Z] ----------------------------------------------------------------------
[debug] [2021-06-10T12:16:25.861Z] Command:       /usr/local/bin/firebase /home/ramanshu/.cache/firebase/tools/lib/node_modules/firebase-tools/lib/bin/firebase init hosting
[debug] [2021-06-10T12:16:25.862Z] CLI Version:   9.12.1
[debug] [2021-06-10T12:16:25.862Z] Platform:      linux
[debug] [2021-06-10T12:16:25.862Z] Node Version:  v12.18.1
[debug] [2021-06-10T12:16:25.863Z] Time:          Thu Jun 10 2021 17:46:25 GMT+0530 (India Standard Time)
[debug] [2021-06-10T12:16:25.863Z] ----------------------------------------------------------------------
[debug] 
[debug] [2021-06-10T12:16:25.871Z] > command requires scopes: ["email","openid","https://www.googleapis.com/auth/cloudplatformprojects.readonly","https://www.googleapis.com/auth/firebase","https://www.googleapis.com/auth/cloud-platform"]
[debug] [2021-06-10T12:16:25.871Z] > authorizing via signed-in user (gawanderamanshu@gmail.com)
[info] 
     ######## #### ########  ######## ########     ###     ######  ########
     ##        ##  ##     ## ##       ##     ##  ##   ##  ##       ##
     ######    ##  ########  ######   ########  #########  ######  ######
     ##        ##  ##    ##  ##       ##     ## ##     ##       ## ##
     ##       #### ##     ## ######## ########  ##     ##  ######  ########

You're about to initialize a Firebase project in this directory:

  /home/ramanshu/Downloads/Arduino

[info] 
=== Project Setup
[info] 
[info] First, let's associate this project directory with a Firebase project.
[info] You can create multiple project aliases by running firebase use --add, 
[info] but for now we'll just set up a default project.
[info] 
[debug] [2021-06-10T12:16:43.348Z] >>> [apiv2][query] GET https://firebase.googleapis.com/v1beta1/projects pageSize=100
[debug] [2021-06-10T12:16:44.446Z] <<< [apiv2][status] GET https://firebase.googleapis.com/v1beta1/projects 200
[debug] [2021-06-10T12:16:44.446Z] <<< [apiv2][body] GET https://firebase.googleapis.com/v1beta1/projects [omitted]
[info] i  Using project robomonkee-7e6c2 (robomonkee) 
[info] 
=== Hosting Setup
[info] 
[info] Your public directory is the folder (relative to your project directory) that
[info] will contain Hosting assets to be uploaded with firebase deploy. If you
[info] have a build process for your assets, use your build's output directory.
[info] 
[info] ✔  Wrote public/404.html 
[debug] [2021-06-10T12:19:52.793Z] >>> [apiv2][query] GET https://www.gstatic.com/firebasejs/releases.json [none]
[debug] [2021-06-10T12:19:53.179Z] <<< [apiv2][status] GET https://www.gstatic.com/firebasejs/releases.json 200
[debug] [2021-06-10T12:19:53.180Z] <<< [apiv2][body] GET https://www.gstatic.com/firebasejs/releases.json {"current":{"version":"8.6.5","browserURL":"https://www.gstatic.com/firebasejs/8.6.5/firebase.js","packageURL":"https://www.gstatic.com/firebasejs/8.6.5/firebase.tgz"},"live":{"version":"8.6","browserURL":"https://www.gstatic.com/firebasejs/live/8.6/firebase.js","packageURL":"https://www.gstatic.com/firebasejs/live/8.6/firebase.tgz"},"components":{"analytics":"https://www.gstatic.com/firebasejs/8.6.5/firebase-analytics.js","app":"https://www.gstatic.com/firebasejs/8.6.5/firebase-app.js","app-check":"https://www.gstatic.com/firebasejs/8.6.5/firebase-app-check.js","auth":"https://www.gstatic.com/firebasejs/8.6.5/firebase-auth.js","database":"https://www.gstatic.com/firebasejs/8.6.5/firebase-database.js","firestore":"https://www.gstatic.com/firebasejs/8.6.5/firebase-firestore.js","functions":"https://www.gstatic.com/firebasejs/8.6.5/firebase-functions.js","installations":"https://www.gstatic.com/firebasejs/8.6.5/firebase-installations.js","messaging":"https://www.gstatic.com/firebasejs/8.6.5/firebase-messaging.js","storage":"https://www.gstatic.com/firebasejs/8.6.5/firebase-storage.js","performance":"https://www.gstatic.com/firebasejs/8.6.5/firebase-performance.js","remote-config":"https://www.gstatic.com/firebasejs/8.6.5/firebase-remote-config.js","firestore.memory":"https://www.gstatic.com/firebasejs/8.6.5/firebase-firestore.memory.js"}}
[info] ✔  Wrote public/index.html 
[info] 
[info] i  Detected a .git folder at /home/ramanshu/Downloads/Arduino 
[info] i  Authorizing with GitHub to upload your service account to a GitHub repository's secrets store. 
[info] 
[info] Visit this URL on this device to log in:
[info] https://github.com/login/oauth/authorize?client_id=89cf50f02ac6aaed3484&state=303428174&redirect_uri=http%3A%2F%2Flocalhost%3A9005&scope=read%3Auser%20repo%20public_repo
[info] 
[info] Waiting for authentication...
[debug] [2021-06-10T12:19:54.512Z] >>> HTTP REQUEST POST https://github.com/login/oauth/access_token  
 {"client_id":"89cf50f02ac6aaed3484","client_secret":"3330d14abc895d9a74d5f17cd7a00711fa2c5bf0","code":"6663222d276f1f8d3fb0","redirect_uri":"http://localhost:9005","state":"303428174"}
[debug] [2021-06-10T12:19:55.159Z] <<< HTTP RESPONSE 200 {"server":"GitHub.com","date":"Thu, 10 Jun 2021 12:19:55 GMT","content-type":"application/json; charset=utf-8","transfer-encoding":"chunked","vary":"X-PJAX, Accept-Encoding, Accept, X-Requested-With","permissions-policy":"interest-cohort=()","etag":"W/\"d71bbf3d4cf70a2cd3b1d1fc4c4ecbc5\"","cache-control":"max-age=0, private, must-revalidate","strict-transport-security":"max-age=31536000; includeSubdomains; preload","x-frame-options":"deny","x-content-type-options":"nosniff","x-xss-protection":"0","referrer-policy":"origin-when-cross-origin, strict-origin-when-cross-origin","expect-ct":"max-age=2592000, report-uri=\"https://api.github.com/_private/browser/errors\"","content-security-policy":"default-src 'none'; base-uri 'self'; block-all-mixed-content; connect-src 'self' uploads.github.com www.githubstatus.com collector.githubapp.com api.github.com github-cloud.s3.amazonaws.com github-production-repository-file-5c1aeb.s3.amazonaws.com github-production-upload-manifest-file-7fdce7.s3.amazonaws.com github-production-user-asset-6210df.s3.amazonaws.com html-translator.herokuapp.com cdn.optimizely.com logx.optimizely.com/v1/events wss://alive.github.com; font-src github.githubassets.com; form-action 'self' github.com gist.github.com; frame-ancestors 'none'; frame-src render.githubusercontent.com; img-src 'self' data: github.githubassets.com identicons.github.com collector.githubapp.com github-cloud.s3.amazonaws.com secured-user-images.githubusercontent.com/ *.githubusercontent.com; manifest-src 'self'; media-src 'none'; script-src github.githubassets.com; style-src 'unsafe-inline' github.githubassets.com; worker-src github.com/socket-worker-3f088aa2.js gist.github.com/socket-worker-3f088aa2.js","x-github-request-id":"40A2:2B75:28492A:2A399C:60C2036A"}
[debug] [2021-06-10T12:19:55.202Z] >>> [apiv2][query] GET https://api.github.com/user [none]
[debug] [2021-06-10T12:19:56.596Z] <<< [apiv2][status] GET https://api.github.com/user 200
[debug] [2021-06-10T12:19:56.597Z] <<< [apiv2][body] GET https://api.github.com/user {"login":"Ramanshu-1216","id":59292142,"node_id":"MDQ6VXNlcjU5MjkyMTQy","avatar_url":"https://avatars.githubusercontent.com/u/59292142?v=4","gravatar_id":"","url":"https://api.github.com/users/Ramanshu-1216","html_url":"https://github.com/Ramanshu-1216","followers_url":"https://api.github.com/users/Ramanshu-1216/followers","following_url":"https://api.github.com/users/Ramanshu-1216/following{/other_user}","gists_url":"https://api.github.com/users/Ramanshu-1216/gists{/gist_id}","starred_url":"https://api.github.com/users/Ramanshu-1216/starred{/owner}{/repo}","subscriptions_url":"https://api.github.com/users/Ramanshu-1216/subscriptions","organizations_url":"https://api.github.com/users/Ramanshu-1216/orgs","repos_url":"https://api.github.com/users/Ramanshu-1216/repos","events_url":"https://api.github.com/users/Ramanshu-1216/events{/privacy}","received_events_url":"https://api.github.com/users/Ramanshu-1216/received_events","type":"User","site_admin":false,"name":"Ramanshu Gawande","company":null,"blog":"","location":"Wardha","email":null,"hireable":true,"bio":null,"twitter_username":null,"public_repos":6,"public_gists":0,"followers":5,"following":2,"created_at":"2019-12-27T18:08:35Z","updated_at":"2021-06-10T12:15:12Z","private_gists":0,"total_private_repos":2,"owned_private_repos":2,"disk_usage":72110,"collaborators":1,"two_factor_authentication":false,"plan":{"name":"free","space":976562499,"collaborators":0,"private_repos":10000}}
[info] 
[info] ✔  Success! Logged into GitHub as Ramanshu-1216 
[info] 
